{"level":"info","message":"⌛ Building environment","timeElapsed":645,"timestamp":"2024-09-26T03:48:14.066Z"}
{"level":"info","message":"onRequest - WORKSPACE_URI:file:///c%3A/Users/W10/Desktop/Repositorio-de-ParadigmasDeProg/practicaWollok/ejSeDiceAtomico/codigo","timestamp":"2024-09-26T03:48:14.078Z"}
{"level":"info","message":"⌛ Building environment","timeElapsed":549,"timestamp":"2024-09-26T03:48:14.630Z"}
{"level":"info","message":"⌛ Building environment","timeElapsed":316,"timestamp":"2024-09-26T03:48:14.967Z"}
{"level":"info","message":"⌛ Building environment","timeElapsed":421,"timestamp":"2024-09-26T03:48:15.394Z"}
{"level":"info","message":"⌛ Validating ciudades.wlk","timeElapsed":417,"timestamp":"2024-09-26T03:48:15.818Z"}
{"level":"info","message":"⌛ Building environment","timeElapsed":516,"timestamp":"2024-09-26T03:48:16.335Z"}
{"level":"info","message":"⌛ Validating region.wlk","timeElapsed":367,"timestamp":"2024-09-26T03:48:16.751Z"}
{"level":"info","message":"⌛ Validating centralesElectricas.wlk","timeElapsed":237,"timestamp":"2024-09-26T03:48:16.989Z"}
{"level":"info","message":"⌛ Validating ciudades.wlk","timeElapsed":1055,"timestamp":"2024-09-26T03:48:18.129Z"}
{"level":"info","message":"⌛ Validating region.wlk","timeElapsed":548,"timestamp":"2024-09-26T03:48:18.746Z"}
{"level":"info","message":"⌛ Validating centralesElectricas.wlk","timeElapsed":651,"timestamp":"2024-09-26T03:48:19.400Z"}
{"level":"info","message":"⌛ Building environment","timeElapsed":690,"timestamp":"2024-09-26T03:48:30.586Z"}
{"level":"info","message":"⌛ Validating ciudades.wlk","timeElapsed":646,"timestamp":"2024-09-26T03:48:31.267Z"}
{"level":"info","message":"⌛ Building environment","timeElapsed":238,"timestamp":"2024-09-26T03:48:36.844Z"}
{"level":"info","message":"⌛ Validating ciudades.wlk","timeElapsed":237,"timestamp":"2024-09-26T03:48:37.084Z"}
{"level":"info","message":"⌛ Building environment","timeElapsed":209,"timestamp":"2024-09-26T03:48:41.503Z"}
{"level":"info","message":"⌛ Validating ciudades.wlk","timeElapsed":322,"timestamp":"2024-09-26T03:48:41.830Z"}
{"level":"info","message":"⌛ Building environment","timeElapsed":306,"timestamp":"2024-09-26T03:49:40.994Z"}
{"level":"info","message":"⌛ Validating ciudades.wlk","timeElapsed":288,"timestamp":"2024-09-26T03:49:41.355Z"}
{"level":"info","message":"⌛ Building environment","timeElapsed":316,"timestamp":"2024-09-26T04:02:24.241Z"}
{"level":"info","message":"⌛ Building environment","timeElapsed":184,"timestamp":"2024-09-26T04:02:24.442Z"}
{"level":"info","message":"⌛ Validating ciudades.wlk","timeElapsed":277,"timestamp":"2024-09-26T04:02:24.774Z"}
{"level":"info","message":"⌛ Validating ciudades.wlk","timeElapsed":164,"timestamp":"2024-09-26T04:02:24.947Z"}
{"level":"info","message":"⌛ Building environment","timeElapsed":242,"timestamp":"2024-09-26T04:02:28.356Z"}
{"level":"info","message":"⌛ Validating ciudades.wlk","timeElapsed":273,"timestamp":"2024-09-26T04:02:28.689Z"}
{"level":"info","message":"⌛ Building environment","timeElapsed":1147,"timestamp":"2024-09-26T12:06:08.398Z"}
{"level":"info","message":"onRequest - WORKSPACE_URI:file:///c%3A/Users/W10/Desktop/Repositorio-de-ParadigmasDeProg/practicaWollok/ejSeDiceAtomico/codigo","timestamp":"2024-09-26T12:06:08.494Z"}
{"level":"info","message":"⌛ Building environment","timeElapsed":276,"timestamp":"2024-09-26T12:06:08.773Z"}
{"level":"info","message":"⌛ Validating ciudades.wlk","timeElapsed":586,"timestamp":"2024-09-26T12:06:10.359Z"}
{"level":"info","message":"⌛ Building environment","timeElapsed":209,"timestamp":"2024-09-26T12:06:10.570Z"}
{"level":"info","message":"⌛ Building environment","timeElapsed":220,"timestamp":"2024-09-26T12:06:10.817Z"}
{"level":"info","message":"⌛ Building environment","timeElapsed":224,"timestamp":"2024-09-26T12:06:11.042Z"}
{"level":"info","message":"⌛ Validating ciudades.wlk","timeElapsed":627,"timestamp":"2024-09-26T12:06:12.397Z"}
{"level":"info","message":"⌛ Validating region.wlk","timeElapsed":425,"timestamp":"2024-09-26T12:06:13.245Z"}
{"level":"info","message":"⌛ Validating centralesElectricas.wlk","timeElapsed":520,"timestamp":"2024-09-26T12:06:13.769Z"}
