{"level":"info","message":"⌛ Building environment","timeElapsed":141,"timestamp":"2024-09-20T13:59:02.394Z"}
{"level":"info","message":"onRequest - WORKSPACE_URI:file:///c%3A/Users/lauta/Desktop/UTN/PdeP/grupo-10-2024/wollok/main","timestamp":"2024-09-20T13:59:02.398Z"}
{"level":"info","message":"⌛ Validating habitantes.wlk","timeElapsed":106,"timestamp":"2024-09-20T13:59:02.697Z"}
{"level":"info","message":"⌛ Building environment","timeElapsed":653,"timestamp":"2024-09-20T20:23:00.054Z"}
{"level":"info","message":"onRequest - WORKSPACE_URI:file:///c%3A/Users/W10/Desktop/grupo-10-2024/wollok/main","timestamp":"2024-09-20T20:23:00.127Z"}
{"level":"info","message":"⌛ Building environment","timeElapsed":396,"timestamp":"2024-09-20T20:23:00.527Z"}
{"level":"info","message":"⌛ Building environment","timeElapsed":249,"timestamp":"2024-09-20T20:23:00.794Z"}
{"level":"info","message":"⌛ Building environment","timeElapsed":234,"timestamp":"2024-09-20T20:23:01.031Z"}
{"level":"info","message":"⌛ Building environment","timeElapsed":237,"timestamp":"2024-09-20T20:23:01.276Z"}
{"level":"info","message":"⌛ Validating armas.wlk","timeElapsed":381,"timestamp":"2024-09-20T20:23:01.658Z"}
{"level":"info","message":"⌛ Building environment","timeElapsed":383,"timestamp":"2024-09-20T20:23:02.043Z"}
{"level":"info","message":"⌛ Validating zonas.wlk","timeElapsed":367,"timestamp":"2024-09-20T20:23:02.477Z"}
{"level":"info","message":"⌛ Validating testHabitantes.wtest","timeElapsed":416,"timestamp":"2024-09-20T20:23:02.896Z"}
{"level":"info","message":"⌛ Validating habitantes.wlk","timeElapsed":582,"timestamp":"2024-09-20T20:23:03.479Z"}
{"level":"info","message":"⌛ Validating armas.wlk","timeElapsed":295,"timestamp":"2024-09-20T20:23:03.787Z"}
{"level":"info","message":"⌛ Validating zonas.wlk","timeElapsed":221,"timestamp":"2024-09-20T20:23:04.010Z"}
{"level":"info","message":"⌛ Validating testHabitantes.wtest","timeElapsed":200,"timestamp":"2024-09-20T20:23:04.210Z"}
{"level":"info","message":"⌛ Validating habitantes.wlk","timeElapsed":186,"timestamp":"2024-09-20T20:23:04.398Z"}
{"level":"info","message":"⌛ Building environment","timeElapsed":593,"timestamp":"2024-09-20T20:26:12.029Z"}
{"level":"info","message":"⌛ Validating habitantes.wlk","timeElapsed":441,"timestamp":"2024-09-20T20:26:12.490Z"}
{"level":"info","message":"⌛ Building environment","timeElapsed":489,"timestamp":"2024-09-20T20:27:51.687Z"}
{"level":"info","message":"⌛ Validating testHabitantes.wtest","timeElapsed":563,"timestamp":"2024-09-20T20:27:52.331Z"}
{"level":"info","message":"⌛ Building environment","timeElapsed":640,"timestamp":"2024-09-20T20:28:00.347Z"}
{"level":"info","message":"⌛ Validating zonas.wlk","timeElapsed":435,"timestamp":"2024-09-20T20:28:01.212Z"}
{"level":"info","message":"⌛ Building environment","timeElapsed":367,"timestamp":"2024-09-20T20:28:06.216Z"}
{"level":"info","message":"⌛ Validating habitantes.wlk","timeElapsed":555,"timestamp":"2024-09-20T20:28:06.989Z"}
{"level":"info","message":"⌛ Building environment","timeElapsed":550,"timestamp":"2024-09-20T20:28:09.700Z"}
{"level":"info","message":"⌛ Validating armas.wlk","timeElapsed":868,"timestamp":"2024-09-20T20:28:10.604Z"}
{"level":"info","message":"⌛ Building environment","timeElapsed":538,"timestamp":"2024-09-20T20:29:24.991Z"}
{"level":"info","message":"⌛ Validating habitantes.wlk","timeElapsed":503,"timestamp":"2024-09-20T20:29:25.508Z"}
{"level":"info","message":"⌛ Building environment","timeElapsed":526,"timestamp":"2024-09-20T20:40:46.497Z"}
{"level":"info","message":"⌛ Validating zonas.wlk","timeElapsed":480,"timestamp":"2024-09-20T20:40:47.007Z"}
{"level":"info","message":"⌛ Building environment","timeElapsed":452,"timestamp":"2024-09-20T20:54:54.043Z"}
{"level":"info","message":"⌛ Validating armas.wlk","timeElapsed":452,"timestamp":"2024-09-20T20:54:54.605Z"}
{"level":"info","message":"⌛ Building environment","timeElapsed":571,"timestamp":"2024-09-20T21:28:47.331Z"}
{"level":"info","message":"⌛ Validating habitantes.wlk","timeElapsed":443,"timestamp":"2024-09-20T21:28:47.854Z"}
{"level":"info","message":"⌛ Building environment","timeElapsed":471,"timestamp":"2024-09-20T21:29:02.989Z"}
{"level":"info","message":"⌛ Validating testHabitantes.wtest","timeElapsed":534,"timestamp":"2024-09-20T21:29:03.554Z"}
{"level":"info","message":"⌛ Building environment","timeElapsed":630,"timestamp":"2024-09-20T21:29:04.477Z"}
{"level":"info","message":"⌛ Validating zonas.wlk","timeElapsed":447,"timestamp":"2024-09-20T21:29:05.094Z"}
{"level":"info","message":"⌛ Building environment","timeElapsed":596,"timestamp":"2024-09-20T21:30:39.045Z"}
{"level":"info","message":"⌛ Validating habitantes.wlk","timeElapsed":447,"timestamp":"2024-09-20T21:30:39.536Z"}
{"level":"info","message":"⌛ Building environment","timeElapsed":530,"timestamp":"2024-09-23T17:21:41.574Z"}
{"level":"info","message":"onRequest - WORKSPACE_URI:file:///c%3A/Users/W10/Desktop/grupo-10-2024/wollok/main","timestamp":"2024-09-23T17:21:41.609Z"}
{"level":"info","message":"⌛ Building environment","timeElapsed":332,"timestamp":"2024-09-23T17:21:41.944Z"}
{"level":"info","message":"⌛ Validating habitantes.wlk","timeElapsed":487,"timestamp":"2024-09-23T17:21:42.441Z"}
{"level":"info","message":"⌛ Building environment","timeElapsed":272,"timestamp":"2024-09-23T17:21:42.718Z"}
{"level":"info","message":"⌛ Building environment","timeElapsed":173,"timestamp":"2024-09-23T17:21:42.913Z"}
{"level":"info","message":"⌛ Building environment","timeElapsed":275,"timestamp":"2024-09-23T17:21:43.274Z"}
{"level":"info","message":"⌛ Building environment","timeElapsed":240,"timestamp":"2024-09-23T17:21:43.517Z"}
{"level":"info","message":"⌛ Validating habitantes.wlk","timeElapsed":419,"timestamp":"2024-09-23T17:21:43.944Z"}
{"level":"info","message":"⌛ Validating zonas.wlk","timeElapsed":354,"timestamp":"2024-09-23T17:21:44.300Z"}
{"level":"info","message":"⌛ Validating testHabitantes.wtest","timeElapsed":379,"timestamp":"2024-09-23T17:21:44.683Z"}
{"level":"info","message":"⌛ Validating armas.wlk","timeElapsed":406,"timestamp":"2024-09-23T17:21:45.089Z"}
{"level":"info","message":"⌛ Building environment","timeElapsed":412,"timestamp":"2024-09-23T17:24:48.257Z"}
{"level":"info","message":"⌛ Validating habitantes.wlk","timeElapsed":591,"timestamp":"2024-09-23T17:24:48.851Z"}
{"level":"info","message":"⌛ Validating zonas.wlk","timeElapsed":319,"timestamp":"2024-09-23T17:24:49.221Z"}
{"level":"info","message":"⌛ Validating testHabitantes.wtest","timeElapsed":248,"timestamp":"2024-09-23T17:24:49.470Z"}
{"level":"info","message":"⌛ Validating armas.wlk","timeElapsed":276,"timestamp":"2024-09-23T17:24:49.749Z"}
{"level":"info","message":"⌛ Building environment","timeElapsed":3837,"timestamp":"2024-09-23T19:06:17.685Z"}
{"level":"info","message":"⌛ Building environment","timeElapsed":4477,"timestamp":"2024-09-23T19:06:22.172Z"}
{"level":"info","message":"⌛ Validating habitantes.wlk","timeElapsed":3249,"timestamp":"2024-09-23T19:06:25.799Z"}
{"level":"info","message":"⌛ Validating habitantes.wlk","timeElapsed":3306,"timestamp":"2024-09-23T19:06:29.167Z"}
{"level":"info","message":"⌛ Building environment","timeElapsed":2068,"timestamp":"2024-09-23T19:06:31.270Z"}
{"level":"info","message":"⌛ Building environment","timeElapsed":1511,"timestamp":"2024-09-23T19:06:33.046Z"}
{"level":"info","message":"⌛ Building environment","timeElapsed":2102,"timestamp":"2024-09-23T19:06:35.351Z"}
{"level":"info","message":"⌛ Validating habitantes.wlk","timeElapsed":1379,"timestamp":"2024-09-23T19:06:36.751Z"}
{"level":"info","message":"⌛ Validating habitantes.wlk","timeElapsed":650,"timestamp":"2024-09-23T19:06:37.402Z"}
{"level":"info","message":"⌛ Validating habitantes.wlk","timeElapsed":925,"timestamp":"2024-09-23T19:06:38.329Z"}
